<?xml version="1.0" encoding="UTF-8"?>
<!-- Generated by org.testng.reporters.JUnitReportReporter -->
<testsuite hostname="INPF1RZCCG" name="TestNGParameters.Multiply" tests="1" failures="0" timestamp="22 Jan 2020 10:45:06 GMT" time="0.001" errors="0">
  <testcase name="add" time="0.001" classname="TestNGParameters.Multiply"/>
</testsuite> <!-- TestNGParameters.Multiply -->
