<?xml version="1.0" encoding="UTF-8"?>
<!-- Generated by org.testng.reporters.JUnitReportReporter -->
<testsuite hostname="INPF1RZCCG" name="TestNGParameters.Vegetable" tests="2" failures="0" timestamp="27 Jan 2020 08:48:42 GMT" time="0.007" errors="0">
  <testcase name="c" time="0.004" classname="TestNGParameters.Vegetable"/>
  <testcase name="orange" time="0.003" classname="TestNGParameters.Vegetable"/>
</testsuite> <!-- TestNGParameters.Vegetable -->
