<?xml version="1.0" encoding="UTF-8"?>
<!-- Generated by org.testng.reporters.JUnitReportReporter -->
<testsuite hostname="INPF1RZCCG" name="TestNGParameters.DataProviderTest" tests="2" failures="0" timestamp="23 Jan 2020 06:35:26 GMT" time="31.302" errors="0">
  <testcase name="test" time="15.424" classname="TestNGParameters.DataProviderTest"/>
  <testcase name="test" time="15.878" classname="TestNGParameters.DataProviderTest"/>
</testsuite> <!-- TestNGParameters.DataProviderTest -->
