<?xml version="1.0" encoding="UTF-8"?>
<!-- Generated by org.testng.reporters.JUnitReportReporter -->
<testsuite hostname="INPF1RZCCG" name="TestNGParameters.SameClassDataProvider" tests="2" failures="0" timestamp="23 Jan 2020 06:23:39 GMT" time="0.030" errors="0">
  <testcase name="testMethod" time="0.027" classname="TestNGParameters.SameClassDataProvider"/>
  <testcase name="testMethod" time="0.003" classname="TestNGParameters.SameClassDataProvider"/>
</testsuite> <!-- TestNGParameters.SameClassDataProvider -->
