<?xml version="1.0" encoding="UTF-8"?>
<!-- Generated by org.testng.reporters.JUnitReportReporter -->
<testsuite hostname="INPF1RZCCG" name="TestNGParameters.Fruits" tests="2" failures="0" timestamp="27 Jan 2020 08:48:42 GMT" time="0.023" errors="0">
  <testcase name="mango" time="0.019" classname="TestNGParameters.Fruits"/>
  <testcase name="orange" time="0.004" classname="TestNGParameters.Fruits"/>
</testsuite> <!-- TestNGParameters.Fruits -->
